<?xml version='1.0' encoding='utf-8'?>
<testsuites name="cocotb tests"><testsuite name="tb_uart" errors="0" failures="1" skipped="0" tests="1" time="6113.285" timestamp="2026-09-22T03:06:05.026475+00:00" hostname="kevin"><testcase classname="tb_uart" name="test_single_char" time="6113.285"><failure message="cocotb expected it would shut down the simulation, but the simulation ended prematurely. This could be due to an assertion failure or a call to an exit routine in the HDL, or due to the simulator running out of events to process (is your clock running?)." type="SimFailure">cocotb.regression.SimFailure: cocotb expected it would shut down the simulation, but the simulation ended prematurely. This could be due to an assertion failure or a call to an exit routine in the HDL, or due to the simulator running out of events to process (is your clock running?).
</failure><properties><property name="cocotb" value="True" /><property name="random_seed" value="1789982568" /><property name="file" value="/home/kevin/Desktop/uart_streamed_fir_filter/verilog/top_module/tb_uart.py" /><property name="line" value="5" /><property name="sim_time_unit" value="ns" /><property name="sim_time_start" value="0.0" /><property name="sim_time_stop" value="39883070.0" /><property name="sim_time_duration" value="39883070.0" /><property name="sim_time_ratio" value="6523.999491979388" /></properties><system-err>Test failed with COCOTB_RANDOM_SEED=1789982568
</system-err></testcase></testsuite></testsuites>