<?xml version='1.0' encoding='utf-8'?>
<testsuites name="cocotb tests"><testsuite name="tb_baud_generator" errors="0" failures="0" skipped="0" tests="1" time="0.005" timestamp="2026-09-23T05:56:37.951352+00:00" hostname="kevin"><testcase classname="tb_baud_generator" name="test_baud_generator" time="0.005"><properties><property name="cocotb" value="True" /><property name="random_seed" value="1790142997" /><property name="file" value="/home/kevin/Desktop/uart_streamed_fir_filter/verilog/uart/baud_generator/tb_baud_generator.py" /><property name="line" value="5" /><property name="sim_time_unit" value="ns" /><property name="sim_time_start" value="0.0" /><property name="sim_time_stop" value="1666.6" /><property name="sim_time_duration" value="1666.6" /><property name="sim_time_ratio" value="324246.73320172814" /></properties></testcase></testsuite></testsuites>